<?xml version="1.0" encoding="UTF-8"?>
<!-- Generated by org.testng.reporters.JUnitXMLReporter -->
<testsuite ignored="0" hostname="CHEBLI-RAMZI" failures="0" tests="3" name="Default test" time="49.875" errors="0" timestamp="2023-02-19T14:46:26 WAT">
  <testcase classname="com.freecrm.TestCase.LoginTest" name="url" time="0.024"/>
  <testcase classname="com.freecrm.TestCase.LoginTest" name="Image" time="0.979"/>
  <testcase classname="com.freecrm.TestCase.LoginTest" name="LogIn" time="11.473"/>
</testsuite> <!-- Default test -->
