<?xml version="1.0" encoding="UTF-8"?>
<!-- Generated by org.testng.reporters.JUnitXMLReporter -->
<testsuite ignored="0" hostname="CHEBLI-RAMZI" failures="0" tests="5" name="Test" time="104.975" errors="0" timestamp="2023-02-21T10:35:41 WAT">
  <testcase classname="com.freecrm.TestCase.LoginTest" name="url" time="0.024"/>
  <testcase classname="com.freecrm.TestCase.LoginTest" name="Image" time="0.709"/>
  <testcase classname="com.freecrm.TestCase.LoginTest" name="LogIn" time="9.865"/>
  <testcase classname="com.freecrm.TestCase.HomeTest" name="addNewContact" time="7.918"/>
  <testcase classname="com.freecrm.TestCase.HomeTest" name="getAlertBox" time="2.995"/>
</testsuite> <!-- Test -->
