<?xml version="1.0" encoding="UTF-8"?>
<!-- Generated by org.testng.reporters.JUnitXMLReporter -->
<testsuite ignored="0" hostname="CHEBLI-RAMZI" failures="0" tests="3" name="Test" time="41.155" errors="0" timestamp="2023-02-28T13:47:42 WAT">
  <testcase classname="com.freecrm.TestCase.LoginTest" name="url" time="0.018"/>
  <testcase classname="com.freecrm.TestCase.LoginTest" name="Image" time="0.653"/>
  <testcase classname="com.freecrm.TestCase.LoginTest" name="LogIn" time="9.5"/>
</testsuite> <!-- Test -->
