<?xml version="1.0" encoding="UTF-8"?>
<!-- Generated by org.testng.reporters.JUnitXMLReporter -->
<testsuite ignored="0" hostname="CHEBLI-RAMZI" failures="0" tests="5" name="Command line test" time="99.319" errors="0" timestamp="2023-02-28T13:56:56 WAT">
  <testcase classname="com.freecrm.TestCase.HomeTest" name="addNewContact" time="6.424"/>
  <testcase classname="com.freecrm.TestCase.HomeTest" name="getAlertBox" time="2.994"/>
  <testcase classname="com.freecrm.TestCase.LoginTest" name="url" time="0.019"/>
  <testcase classname="com.freecrm.TestCase.LoginTest" name="Image" time="0.6"/>
  <testcase classname="com.freecrm.TestCase.LoginTest" name="LogIn" time="1.305"/>
</testsuite> <!-- Command line test -->
