<?xml version="1.0" encoding="UTF-8" ?>
<testsuite tests="5" failures="0" name="TestSuite" time="11.45" errors="0" skipped="0">
  <properties>
[...]
</properties>
  <testcase classname="com.freecrm.TestCase.HomeTest" name="addNewContact" time="6.427"/>
  <testcase classname="com.freecrm.TestCase.HomeTest" name="getAlertBox" time="2.995"/>
  <testcase classname="com.freecrm.TestCase.LoginTest" name="url" time="0.019"/>
  <testcase classname="com.freecrm.TestCase.LoginTest" name="Image" time="0.601"/>
  <testcase classname="com.freecrm.TestCase.LoginTest" name="LogIn" time="1.408"/>
</testsuite>