<?xml version="1.0" encoding="UTF-8"?>
<testng-results ignored="0" total="3" passed="3" failed="0" skipped="0">
  <reporter-output>
  </reporter-output>
  <suite started-at="2023-02-28T13:47:00 WAT" name="Suite" finished-at="2023-02-28T13:47:42 WAT" duration-ms="41155">
    <groups>
    </groups>
    <test started-at="2023-02-28T13:47:00 WAT" name="Test" finished-at="2023-02-28T13:47:42 WAT" duration-ms="41155">
      <class name="com.freecrm.TestCase.LoginTest">
        <test-method is-config="true" signature="beforeAnnyTest()[pri:0, instance:com.freecrm.TestCase.LoginTest@5a56cdac]" started-at="2023-02-28T13:47:00 WAT" name="beforeAnnyTest" finished-at="2023-02-28T13:47:12 WAT" duration-ms="11744" status="PASS">
          <reporter-output>
          </reporter-output>
        </test-method> <!-- beforeAnnyTest -->
        <test-method signature="url()[pri:1, instance:com.freecrm.TestCase.LoginTest@5a56cdac]" started-at="2023-02-28T13:47:12 WAT" name="url" finished-at="2023-02-28T13:47:12 WAT" duration-ms="18" status="PASS">
          <reporter-output>
          </reporter-output>
        </test-method> <!-- url -->
        <test-method is-config="true" signature="tearDown()[pri:0, instance:com.freecrm.TestCase.LoginTest@5a56cdac]" started-at="2023-02-28T13:47:12 WAT" name="tearDown" finished-at="2023-02-28T13:47:13 WAT" duration-ms="735" status="PASS">
          <reporter-output>
          </reporter-output>
        </test-method> <!-- tearDown -->
        <test-method is-config="true" signature="beforeAnnyTest()[pri:0, instance:com.freecrm.TestCase.LoginTest@5a56cdac]" started-at="2023-02-28T13:47:13 WAT" name="beforeAnnyTest" finished-at="2023-02-28T13:47:21 WAT" duration-ms="8547" status="PASS">
          <reporter-output>
          </reporter-output>
        </test-method> <!-- beforeAnnyTest -->
        <test-method signature="Image()[pri:2, instance:com.freecrm.TestCase.LoginTest@5a56cdac]" started-at="2023-02-28T13:47:21 WAT" name="Image" finished-at="2023-02-28T13:47:22 WAT" duration-ms="653" status="PASS">
          <reporter-output>
          </reporter-output>
        </test-method> <!-- Image -->
        <test-method is-config="true" signature="tearDown()[pri:0, instance:com.freecrm.TestCase.LoginTest@5a56cdac]" started-at="2023-02-28T13:47:22 WAT" name="tearDown" finished-at="2023-02-28T13:47:23 WAT" duration-ms="723" status="PASS">
          <reporter-output>
          </reporter-output>
        </test-method> <!-- tearDown -->
        <test-method is-config="true" signature="beforeAnnyTest()[pri:0, instance:com.freecrm.TestCase.LoginTest@5a56cdac]" started-at="2023-02-28T13:47:23 WAT" name="beforeAnnyTest" finished-at="2023-02-28T13:47:31 WAT" duration-ms="8485" status="PASS">
          <reporter-output>
          </reporter-output>
        </test-method> <!-- beforeAnnyTest -->
        <test-method signature="LogIn()[pri:3, instance:com.freecrm.TestCase.LoginTest@5a56cdac]" started-at="2023-02-28T13:47:31 WAT" name="LogIn" finished-at="2023-02-28T13:47:41 WAT" duration-ms="9500" status="PASS">
          <reporter-output>
          </reporter-output>
        </test-method> <!-- LogIn -->
        <test-method is-config="true" signature="tearDown()[pri:0, instance:com.freecrm.TestCase.LoginTest@5a56cdac]" started-at="2023-02-28T13:47:41 WAT" name="tearDown" finished-at="2023-02-28T13:47:42 WAT" duration-ms="702" status="PASS">
          <reporter-output>
          </reporter-output>
        </test-method> <!-- tearDown -->
      </class> <!-- com.freecrm.TestCase.LoginTest -->
    </test> <!-- Test -->
  </suite> <!-- Suite -->
</testng-results>
